<?xml version="1.0" encoding="utf-8"?><testsuites name="pytest tests"><testsuite name="pytest" errors="0" failures="0" skipped="0" tests="11" time="2.222" timestamp="2026-06-16T06:32:00.777970+00:00" hostname="agent-env-570c3549-d89b-4b59-8914-1572d3f206c9"><testcase classname="backend.tests.test_quiz_api" name="test_login_success" time="0.445" /><testcase classname="backend.tests.test_quiz_api" name="test_login_wrong_password" time="0.361" /><testcase classname="backend.tests.test_quiz_api" name="test_me_with_token" time="0.462" /><testcase classname="backend.tests.test_quiz_api" name="test_me_without_token" time="0.087" /><testcase classname="backend.tests.test_quiz_api" name="test_quiz_submit_success" time="0.103" /><testcase classname="backend.tests.test_quiz_api" name="test_quiz_submit_invalid_element" time="0.091" /><testcase classname="backend.tests.test_quiz_api" name="test_quiz_submit_no_auth_needed" time="0.095" /><testcase classname="backend.tests.test_quiz_api" name="test_submissions_requires_auth" time="0.123" /><testcase classname="backend.tests.test_quiz_api" name="test_submissions_list" time="0.096" /><testcase classname="backend.tests.test_quiz_api" name="test_stats_requires_auth" time="0.104" /><testcase classname="backend.tests.test_quiz_api" name="test_stats" time="0.094" /></testsuite></testsuites>